<?xml version="1.0" encoding="UTF-8"?>
<testsuite xmlns:xsi="http://www.w3.org/2001/XMLSchema-instance" xsi:noNamespaceSchemaLocation="https://maven.apache.org/surefire/maven-surefire-plugin/xsd/surefire-test-report-3.0.xsd" version="3.0" name="cucumbersauce.RunCucumberTest" time="5.241" tests="4" errors="0" skipped="0" failures="0">
  <properties>
[...]
</properties>
  <testcase name="Login to Sauce Demo with valid credentials" classname="Sauce Demo Login and Product" time="1.672">
    <system-out><![CDATA[
Scenario: Login to Sauce Demo with valid credentials   &amp#27;[90m# cucumbersauce/example.feature:3&amp#27;[0m
  &amp#27;[32mGiven &amp#27;[0m&amp#27;[32mI am on the Sauce Demo login page&amp#27;[0m              &amp#27;[90m# cucumbersauce.StepDefinitions.navigateToLoginPage()&amp#27;[0m
  &amp#27;[32mWhen &amp#27;[0m&amp#27;[32mI enter &amp#27;[0m&amp#27;[32m&amp#27;[1m"standard_user"&amp#27;[0m&amp#27;[32m as my username&amp#27;[0m          &amp#27;[90m# cucumbersauce.StepDefinitions.enterUsername(java.lang.String)&amp#27;[0m
  &amp#27;[32mAnd &amp#27;[0m&amp#27;[32mI enter &amp#27;[0m&amp#27;[32m&amp#27;[1m"secret_sauce"&amp#27;[0m&amp#27;[32m as my password&amp#27;[0m            &amp#27;[90m# cucumbersauce.StepDefinitions.enterPassword(java.lang.String)&amp#27;[0m
  &amp#27;[32mAnd &amp#27;[0m&amp#27;[32mI click on the Login button&amp#27;[0m                      &amp#27;[90m# cucumbersauce.StepDefinitions.clickLoginButton()&amp#27;[0m
  &amp#27;[32mThen &amp#27;[0m&amp#27;[32mI should be logged in to the Sauce Demo website&amp#27;[0m &amp#27;[90m# cucumbersauce.StepDefinitions.verifyLogin()&amp#27;[0m
]]></system-out>
    <system-err><![CDATA[SLF4J: Failed to load class "org.slf4j.impl.StaticLoggerBinder".
SLF4J: Defaulting to no-operation (NOP) logger implementation
SLF4J: See http://www.slf4j.org/codes.html#StaticLoggerBinder for further details.
Oct 22, 2023 2:13:00 AM org.openqa.selenium.devtools.CdpVersionFinder findNearestMatch
WARNING: Unable to find an exact match for CDP version 118, so returning the closest version found: 117
]]></system-err>
  </testcase>
  <testcase name="Login to Sauce Demo with invalid credentials" classname="Sauce Demo Login and Product" time="1.137">
    <system-out><![CDATA[
Scenario: Login to Sauce Demo with invalid credentials &amp#27;[90m# cucumbersauce/example.feature:10&amp#27;[0m
  &amp#27;[32mGiven &amp#27;[0m&amp#27;[32mI am on the Sauce Demo login page&amp#27;[0m              &amp#27;[90m# cucumbersauce.StepDefinitions.navigateToLoginPage()&amp#27;[0m
  &amp#27;[32mWhen &amp#27;[0m&amp#27;[32mI enter &amp#27;[0m&amp#27;[32m&amp#27;[1m"invalid_username"&amp#27;[0m&amp#27;[32m as my username&amp#27;[0m       &amp#27;[90m# cucumbersauce.StepDefinitions.enterUsername(java.lang.String)&amp#27;[0m
  &amp#27;[32mAnd &amp#27;[0m&amp#27;[32mI enter &amp#27;[0m&amp#27;[32m&amp#27;[1m"invalid_password"&amp#27;[0m&amp#27;[32m as my password&amp#27;[0m        &amp#27;[90m# cucumbersauce.StepDefinitions.enterPassword(java.lang.String)&amp#27;[0m
  &amp#27;[32mAnd &amp#27;[0m&amp#27;[32mI click on the Login button&amp#27;[0m                      &amp#27;[90m# cucumbersauce.StepDefinitions.clickLoginButton()&amp#27;[0m
  &amp#27;[32mThen &amp#27;[0m&amp#27;[32mI should see an error message&amp#27;[0m                   &amp#27;[90m# cucumbersauce.StepDefinitions.verifyErrorMessage()&amp#27;[0m
]]></system-out>
    <system-err><![CDATA[Oct 22, 2023 2:13:01 AM org.openqa.selenium.devtools.CdpVersionFinder findNearestMatch
WARNING: Unable to find an exact match for CDP version 118, so returning the closest version found: 117
]]></system-err>
  </testcase>
  <testcase name="Add a product to the cart" classname="Sauce Demo Login and Product" time="1.165">
    <system-out><![CDATA[
Scenario: Add a product to the cart                            &amp#27;[90m# cucumbersauce/example.feature:17&amp#27;[0m
  &amp#27;[32mGiven &amp#27;[0m&amp#27;[32mI am logged in to the Sauce Demo website&amp#27;[0m               &amp#27;[90m# cucumbersauce.StepDefinitions.loggedInToWebsite()&amp#27;[0m
  &amp#27;[32mWhen &amp#27;[0m&amp#27;[32mI click on the Add to Cart button for the first product&amp#27;[0m &amp#27;[90m# cucumbersauce.StepDefinitions.clickAddToCartButton()&amp#27;[0m
  &amp#27;[32mThen &amp#27;[0m&amp#27;[32mI should successfully add the product to the cart&amp#27;[0m       &amp#27;[90m# cucumbersauce.StepDefinitions.verifyProductAddedToCart()&amp#27;[0m
]]></system-out>
    <system-err><![CDATA[Oct 22, 2023 2:13:02 AM org.openqa.selenium.devtools.CdpVersionFinder findNearestMatch
WARNING: Unable to find an exact match for CDP version 118, so returning the closest version found: 117
]]></system-err>
  </testcase>
  <testcase name="Remove a product from the cart" classname="Sauce Demo Login and Product" time="1.202">
    <system-out><![CDATA[
Scenario: Remove a product from the cart            &amp#27;[90m# cucumbersauce/example.feature:22&amp#27;[0m
  &amp#27;[32mGiven &amp#27;[0m&amp#27;[32mI have a product in my cart&amp#27;[0m                 &amp#27;[90m# cucumbersauce.StepDefinitions.addProductToCart()&amp#27;[0m
  &amp#27;[32mWhen &amp#27;[0m&amp#27;[32mI click on the Remove button for the product&amp#27;[0m &amp#27;[90m# cucumbersauce.StepDefinitions.clickRemoveButton()&amp#27;[0m
  &amp#27;[32mThen &amp#27;[0m&amp#27;[32mI should successfully remove from my cart&amp#27;[0m    &amp#27;[90m# cucumbersauce.StepDefinitions.verifyProductRemovedFromCart()&amp#27;[0m
]]></system-out>
    <system-err><![CDATA[Oct 22, 2023 2:13:04 AM org.openqa.selenium.devtools.CdpVersionFinder findNearestMatch
WARNING: Unable to find an exact match for CDP version 118, so returning the closest version found: 117
]]></system-err>
  </testcase>
</testsuite>